# JRE version: OpenJDK Runtime Environment (8.0_112-b06) (build 1.8.0_112-release-b06)
# Java VM: OpenJDK 64-Bit Server VM (25.112-b06 mixed mode windows-amd64 compressed oops)
Heap:
 PSYoungGen      total 421888K, used 23792K [0x00000000e0000000, 0x00000000fc000000, 0x0000000100000000)
  eden space 397824K, 0% used [0x00000000e0000000,0x00000000e0000000,0x00000000f8480000)
  from space 24064K, 98% used [0x00000000fa880000,0x00000000fbfbc1f0,0x00000000fc000000)
  to   space 29184K, 0% used [0x00000000f8700000,0x00000000f8700000,0x00000000fa380000)
 ParOldGen       total 101376K, used 36600K [0x00000000a0000000, 0x00000000a6300000, 0x00000000e0000000)
  object space 101376K, 36% used [0x00000000a0000000,0x00000000a23be340,0x00000000a6300000)
 Metaspace       used 56724K, capacity 59148K, committed 59160K, reserved 1099776K
  class space    used 7623K, capacity 8060K, committed 8064K, reserved 1048576K
GC Heap History (10 events):
Event: 31.527 GC heap after
Heap after GC invocations=6 (full 1):
 PSYoungGen      total 136192K, used 10214K [0x00000000e0000000, 0x00000000efa80000, 0x0000000100000000)
  eden space 125952K, 0% used [0x00000000e0000000,0x00000000e0000000,0x00000000e7b00000)
  from space 10240K, 99% used [0x00000000e7b00000,0x00000000e84f99e8,0x00000000e8500000)
  to   space 15360K, 0% used [0x00000000eeb80000,0x00000000eeb80000,0x00000000efa80000)
 ParOldGen       total 80896K, used 10177K [0x00000000a0000000, 0x00000000a4f00000, 0x00000000e0000000)
  object space 80896K, 12% used [0x00000000a0000000,0x00000000a09f04d0,0x00000000a4f00000)
 Metaspace       used 34492K, capacity 35290K, committed 35496K, reserved 1079296K
  class space    used 4659K, capacity 4850K, committed 4864K, reserved 1048576K
}
Event: 31.527 GC heap before
{Heap before GC invocations=7 (full 2):
 PSYoungGen      total 136192K, used 10214K [0x00000000e0000000, 0x00000000efa80000, 0x0000000100000000)
  eden space 125952K, 0% used [0x00000000e0000000,0x00000000e0000000,0x00000000e7b00000)
  from space 10240K, 99% used [0x00000000e7b00000,0x00000000e84f99e8,0x00000000e8500000)
  to   space 15360K, 0% used [0x00000000eeb80000,0x00000000eeb80000,0x00000000efa80000)
 ParOldGen       total 80896K, used 10177K [0x00000000a0000000, 0x00000000a4f00000, 0x00000000e0000000)
  object space 80896K, 12% used [0x00000000a0000000,0x00000000a09f04d0,0x00000000a4f00000)
 Metaspace       used 34492K, capacity 35290K, committed 35496K, reserved 1079296K
  class space    used 4659K, capacity 4850K, committed 4864K, reserved 1048576K
Event: 31.777 GC heap after
Heap after GC invocations=7 (full 2):
 PSYoungGen      total 136192K, used 0K [0x00000000e0000000, 0x00000000efa80000, 0x0000000100000000)
  eden space 125952K, 0% used [0x00000000e0000000,0x00000000e0000000,0x00000000e7b00000)
  from space 10240K, 0% used [0x00000000e7b00000,0x00000000e7b00000,0x00000000e8500000)
  to   space 15360K, 0% used [0x00000000eeb80000,0x00000000eeb80000,0x00000000efa80000)
 ParOldGen       total 101376K, used 18577K [0x00000000a0000000, 0x00000000a6300000, 0x00000000e0000000)
  object space 101376K, 18% used [0x00000000a0000000,0x00000000a12245f8,0x00000000a6300000)
 Metaspace       used 34492K, capacity 35290K, committed 35496K, reserved 1079296K
  class space    used 4659K, capacity 4850K, committed 4864K, reserved 1048576K
}
Event: 35.813 GC heap before
{Heap before GC invocations=8 (full 2):
 PSYoungGen      total 136192K, used 125952K [0x00000000e0000000, 0x00000000efa80000, 0x0000000100000000)
  eden space 125952K, 100% used [0x00000000e0000000,0x00000000e7b00000,0x00000000e7b00000)
  from space 10240K, 0% used [0x00000000e7b00000,0x00000000e7b00000,0x00000000e8500000)
  to   space 15360K, 0% used [0x00000000eeb80000,0x00000000eeb80000,0x00000000efa80000)
 ParOldGen       total 101376K, used 18577K [0x00000000a0000000, 0x00000000a6300000, 0x00000000e0000000)
  object space 101376K, 18% used [0x00000000a0000000,0x00000000a12245f8,0x00000000a6300000)
 Metaspace       used 43003K, capacity 44010K, committed 44288K, reserved 1087488K
  class space    used 5788K, capacity 6023K, committed 6144K, reserved 1048576K
Event: 35.844 GC heap after
Heap after GC invocations=8 (full 2):
 PSYoungGen      total 241152K, used 11761K [0x00000000e0000000, 0x00000000f0100000, 0x0000000100000000)
  eden space 225792K, 0% used [0x00000000e0000000,0x00000000e0000000,0x00000000edc80000)
  from space 15360K, 76% used [0x00000000eeb80000,0x00000000ef6fc698,0x00000000efa80000)
  to   space 15360K, 0% used [0x00000000edc80000,0x00000000edc80000,0x00000000eeb80000)
 ParOldGen       total 101376K, used 18585K [0x00000000a0000000, 0x00000000a6300000, 0x00000000e0000000)
  object space 101376K, 18% used [0x00000000a0000000,0x00000000a12265f8,0x00000000a6300000)
 Metaspace       used 43003K, capacity 44010K, committed 44288K, reserved 1087488K
  class space    used 5788K, capacity 6023K, committed 6144K, reserved 1048576K
}
Event: 43.709 GC heap before
{Heap before GC invocations=9 (full 2):
 PSYoungGen      total 241152K, used 237553K [0x00000000e0000000, 0x00000000f0100000, 0x0000000100000000)
  eden space 225792K, 100% used [0x00000000e0000000,0x00000000edc80000,0x00000000edc80000)
  from space 15360K, 76% used [0x00000000eeb80000,0x00000000ef6fc698,0x00000000efa80000)
  to   space 15360K, 0% used [0x00000000edc80000,0x00000000edc80000,0x00000000eeb80000)
 ParOldGen       total 101376K, used 18585K [0x00000000a0000000, 0x00000000a6300000, 0x00000000e0000000)
  object space 101376K, 18% used [0x00000000a0000000,0x00000000a12265f8,0x00000000a6300000)
 Metaspace       used 51257K, capacity 53314K, committed 53376K, reserved 1095680K
  class space    used 7112K, capacity 7552K, committed 7552K, reserved 1048576K
Event: 43.793 GC heap after
Heap after GC invocations=9 (full 2):
 PSYoungGen      total 241152K, used 15343K [0x00000000e0000000, 0x00000000fc200000, 0x0000000100000000)
  eden space 225792K, 0% used [0x00000000e0000000,0x00000000e0000000,0x00000000edc80000)
  from space 15360K, 99% used [0x00000000edc80000,0x00000000eeb7be08,0x00000000eeb80000)
  to   space 26112K, 0% used [0x00000000fa880000,0x00000000fa880000,0x00000000fc200000)
 ParOldGen       total 101376K, used 36592K [0x00000000a0000000, 0x00000000a6300000, 0x00000000e0000000)
  object space 101376K, 36% used [0x00000000a0000000,0x00000000a23bc340,0x00000000a6300000)
 Metaspace       used 51257K, capacity 53314K, committed 53376K, reserved 1095680K
  class space    used 7112K, capacity 7552K, committed 7552K, reserved 1048576K
}
Event: 2213.027 GC heap before
{Heap before GC invocations=10 (full 2):
 PSYoungGen      total 241152K, used 151121K [0x00000000e0000000, 0x00000000fc200000, 0x0000000100000000)
  eden space 225792K, 60% used [0x00000000e0000000,0x00000000e8498750,0x00000000edc80000)
  from space 15360K, 99% used [0x00000000edc80000,0x00000000eeb7be08,0x00000000eeb80000)
  to   space 26112K, 0% used [0x00000000fa880000,0x00000000fa880000,0x00000000fc200000)
 ParOldGen       total 101376K, used 36592K [0x00000000a0000000, 0x00000000a6300000, 0x00000000e0000000)
  object space 101376K, 36% used [0x00000000a0000000,0x00000000a23bc340,0x00000000a6300000)
 Metaspace       used 56724K, capacity 59148K, committed 59160K, reserved 1099776K
  class space    used 7623K, capacity 8060K, committed 8064K, reserved 1048576K
Event: 2213.082 GC heap after
Heap after GC invocations=10 (full 2):
 PSYoungGen      total 421888K, used 23792K [0x00000000e0000000, 0x00000000fc000000, 0x0000000100000000)
  eden space 397824K, 0% used [0x00000000e0000000,0x00000000e0000000,0x00000000f8480000)
  from space 24064K, 98% used [0x00000000fa880000,0x00000000fbfbc1f0,0x00000000fc000000)
  to   space 29184K, 0% used [0x00000000f8700000,0x00000000f8700000,0x00000000fa380000)
 ParOldGen       total 101376K, used 36600K [0x00000000a0000000, 0x00000000a6300000, 0x00000000e0000000)
  object space 101376K, 36% used [0x00000000a0000000,0x00000000a23be340,0x00000000a6300000)
 Metaspace       used 56724K, capacity 59148K, committed 59160K, reserved 1099776K
  class space    used 7623K, capacity 8060K, committed 8064K, reserved 1048576K
}
Event: 2213.082 GC heap before
{Heap before GC invocations=11 (full 3):
 PSYoungGen      total 421888K, used 23792K [0x00000000e0000000, 0x00000000fc000000, 0x0000000100000000)
  eden space 397824K, 0% used [0x00000000e0000000,0x00000000e0000000,0x00000000f8480000)
  from space 24064K, 98% used [0x00000000fa880000,0x00000000fbfbc1f0,0x00000000fc000000)
  to   space 29184K, 0% used [0x00000000f8700000,0x00000000f8700000,0x00000000fa380000)
 ParOldGen       total 101376K, used 36600K [0x00000000a0000000, 0x00000000a6300000, 0x00000000e0000000)
  object space 101376K, 36% used [0x00000000a0000000,0x00000000a23be340,0x00000000a6300000)
 Metaspace       used 56724K, capacity 59148K, committed 59160K, reserved 1099776K
  class space    used 7623K, capacity 8060K, committed 8064K, reserved 1048576K

